[2024-12-17 19:43:30,181] INFO [Broker id=0] Add 82 partitions and deleted 0 partitions from metadata cache in response to UpdateMetadata request sent by controller 1 epoch 9 with correlation id 0 (state.change.logger)
[2024-12-17 19:43:30,239] INFO [Broker id=0] Handling LeaderAndIsr request correlationId 1 from controller 1 for 82 partitions (state.change.logger)
[2024-12-17 19:43:30,241] ERROR [Broker id=0] Received LeaderAndIsrRequest with correlation id 1 from controller 1 epoch 9 for partition connect-offsets-24 (last update controller epoch 9) but cannot become follower since the new leader -1 is unavailable. (state.change.logger)
[2024-12-17 19:43:30,241] ERROR [Broker id=0] Received LeaderAndIsrRequest with correlation id 1 from controller 1 epoch 9 for partition __consumer_offsets-3 (last update controller epoch 9) but cannot become follower since the new leader -1 is unavailable. (state.change.logger)
[2024-12-17 19:43:30,241] ERROR [Broker id=0] Received LeaderAndIsrRequest with correlation id 1 from controller 1 epoch 9 for partition connect-offsets-9 (last update controller epoch 9) but cannot become follower since the new leader -1 is unavailable. (state.change.logger)
[2024-12-17 19:43:30,241] ERROR [Broker id=0] Received LeaderAndIsrRequest with correlation id 1 from controller 1 epoch 9 for partition __consumer_offsets-18 (last update controller epoch 9) but cannot become follower since the new leader -1 is unavailable. (state.change.logger)
[2024-12-17 19:43:30,241] ERROR [Broker id=0] Received LeaderAndIsrRequest with correlation id 1 from controller 1 epoch 9 for partition __consumer_offsets-41 (last update controller epoch 9) but cannot become follower since the new leader -1 is unavailable. (state.change.logger)
[2024-12-17 19:43:30,241] ERROR [Broker id=0] Received LeaderAndIsrRequest with correlation id 1 from controller 1 epoch 9 for partition connect-status-1 (last update controller epoch 9) but cannot become follower since the new leader -1 is unavailable. (state.change.logger)
[2024-12-17 19:43:30,241] ERROR [Broker id=0] Received LeaderAndIsrRequest with correlation id 1 from controller 1 epoch 9 for partition connect-offsets-17 (last update controller epoch 9) but cannot become follower since the new leader -1 is unavailable. (state.change.logger)
[2024-12-17 19:43:30,241] ERROR [Broker id=0] Received LeaderAndIsrRequest with correlation id 1 from controller 1 epoch 9 for partition __consumer_offsets-10 (last update controller epoch 9) but cannot become follower since the new leader -1 is unavailable. (state.change.logger)
[2024-12-17 19:43:30,241] ERROR [Broker id=0] Received LeaderAndIsrRequest with correlation id 1 from controller 1 epoch 9 for partition connect-offsets-2 (last update controller epoch 9) but cannot become follower since the new leader -1 is unavailable. (state.change.logger)
[2024-12-17 19:43:30,241] ERROR [Broker id=0] Received LeaderAndIsrRequest with correlation id 1 from controller 1 epoch 9 for partition __consumer_offsets-33 (last update controller epoch 9) but cannot become follower since the new leader -1 is unavailable. (state.change.logger)
[2024-12-17 19:43:30,241] ERROR [Broker id=0] Received LeaderAndIsrRequest with correlation id 1 from controller 1 epoch 9 for partition __consumer_offsets-48 (last update controller epoch 9) but cannot become follower since the new leader -1 is unavailable. (state.change.logger)
[2024-12-17 19:43:30,241] ERROR [Broker id=0] Received LeaderAndIsrRequest with correlation id 1 from controller 1 epoch 9 for partition connect-offsets-8 (last update controller epoch 9) but cannot become follower since the new leader -1 is unavailable. (state.change.logger)
[2024-12-17 19:43:30,241] ERROR [Broker id=0] Received LeaderAndIsrRequest with correlation id 1 from controller 1 epoch 9 for partition __consumer_offsets-19 (last update controller epoch 9) but cannot become follower since the new leader -1 is unavailable. (state.change.logger)
[2024-12-17 19:43:30,241] ERROR [Broker id=0] Received LeaderAndIsrRequest with correlation id 1 from controller 1 epoch 9 for partition __consumer_offsets-34 (last update controller epoch 9) but cannot become follower since the new leader -1 is unavailable. (state.change.logger)
[2024-12-17 19:43:30,241] ERROR [Broker id=0] Received LeaderAndIsrRequest with correlation id 1 from controller 1 epoch 9 for partition __consumer_offsets-4 (last update controller epoch 9) but cannot become follower since the new leader -1 is unavailable. (state.change.logger)
[2024-12-17 19:43:30,241] ERROR [Broker id=0] Received LeaderAndIsrRequest with correlation id 1 from controller 1 epoch 9 for partition connect-offsets-23 (last update controller epoch 9) but cannot become follower since the new leader -1 is unavailable. (state.change.logger)
[2024-12-17 19:43:30,241] ERROR [Broker id=0] Received LeaderAndIsrRequest with correlation id 1 from controller 1 epoch 9 for partition connect-offsets-16 (last update controller epoch 9) but cannot become follower since the new leader -1 is unavailable. (state.change.logger)
[2024-12-17 19:43:30,241] ERROR [Broker id=0] Received LeaderAndIsrRequest with correlation id 1 from controller 1 epoch 9 for partition __consumer_offsets-11 (last update controller epoch 9) but cannot become follower since the new leader -1 is unavailable. (state.change.logger)
[2024-12-17 19:43:30,241] ERROR [Broker id=0] Received LeaderAndIsrRequest with correlation id 1 from controller 1 epoch 9 for partition connect-offsets-1 (last update controller epoch 9) but cannot become follower since the new leader -1 is unavailable. (state.change.logger)
[2024-12-17 19:43:30,241] ERROR [Broker id=0] Received LeaderAndIsrRequest with correlation id 1 from controller 1 epoch 9 for partition __consumer_offsets-26 (last update controller epoch 9) but cannot become follower since the new leader -1 is unavailable. (state.change.logger)
[2024-12-17 19:43:30,241] ERROR [Broker id=0] Received LeaderAndIsrRequest with correlation id 1 from controller 1 epoch 9 for partition connect-status-2 (last update controller epoch 9) but cannot become follower since the new leader -1 is unavailable. (state.change.logger)
[2024-12-17 19:43:30,241] ERROR [Broker id=0] Received LeaderAndIsrRequest with correlation id 1 from controller 1 epoch 9 for partition __consumer_offsets-49 (last update controller epoch 9) but cannot become follower since the new leader -1 is unavailable. (state.change.logger)
[2024-12-17 19:43:30,241] ERROR [Broker id=0] Received LeaderAndIsrRequest with correlation id 1 from controller 1 epoch 9 for partition connect-configs-0 (last update controller epoch 9) but cannot become follower since the new leader -1 is unavailable. (state.change.logger)
[2024-12-17 19:43:30,241] ERROR [Broker id=0] Received LeaderAndIsrRequest with correlation id 1 from controller 1 epoch 9 for partition connect-offsets-11 (last update controller epoch 9) but cannot become follower since the new leader -1 is unavailable. (state.change.logger)
[2024-12-17 19:43:30,241] ERROR [Broker id=0] Received LeaderAndIsrRequest with correlation id 1 from controller 1 epoch 9 for partition __consumer_offsets-39 (last update controller epoch 9) but cannot become follower since the new leader -1 is unavailable. (state.change.logger)
[2024-12-17 19:43:30,241] ERROR [Broker id=0] Received LeaderAndIsrRequest with correlation id 1 from controller 1 epoch 9 for partition __consumer_offsets-9 (last update controller epoch 9) but cannot become follower since the new leader -1 is unavailable. (state.change.logger)
[2024-12-17 19:43:30,241] ERROR [Broker id=0] Received LeaderAndIsrRequest with correlation id 1 from controller 1 epoch 9 for partition __consumer_offsets-24 (last update controller epoch 9) but cannot become follower since the new leader -1 is unavailable. (state.change.logger)
[2024-12-17 19:43:30,241] ERROR [Broker id=0] Received LeaderAndIsrRequest with correlation id 1 from controller 1 epoch 9 for partition connect-offsets-19 (last update controller epoch 9) but cannot become follower since the new leader -1 is unavailable. (state.change.logger)
[2024-12-17 19:43:30,241] ERROR [Broker id=0] Received LeaderAndIsrRequest with correlation id 1 from controller 1 epoch 9 for partition __consumer_offsets-31 (last update controller epoch 9) but cannot become follower since the new leader -1 is unavailable. (state.change.logger)
[2024-12-17 19:43:30,241] ERROR [Broker id=0] Received LeaderAndIsrRequest with correlation id 1 from controller 1 epoch 9 for partition __consumer_offsets-46 (last update controller epoch 9) but cannot become follower since the new leader -1 is unavailable. (state.change.logger)
[2024-12-17 19:43:30,241] ERROR [Broker id=0] Received LeaderAndIsrRequest with correlation id 1 from controller 1 epoch 9 for partition __consumer_offsets-1 (last update controller epoch 9) but cannot become follower since the new leader -1 is unavailable. (state.change.logger)
[2024-12-17 19:43:30,241] ERROR [Broker id=0] Received LeaderAndIsrRequest with correlation id 1 from controller 1 epoch 9 for partition __consumer_offsets-16 (last update controller epoch 9) but cannot become follower since the new leader -1 is unavailable. (state.change.logger)
[2024-12-17 19:43:30,241] ERROR [Broker id=0] Received LeaderAndIsrRequest with correlation id 1 from controller 1 epoch 9 for partition __consumer_offsets-2 (last update controller epoch 9) but cannot become follower since the new leader -1 is unavailable. (state.change.logger)
[2024-12-17 19:43:30,241] ERROR [Broker id=0] Received LeaderAndIsrRequest with correlation id 1 from controller 1 epoch 9 for partition connect-offsets-10 (last update controller epoch 9) but cannot become follower since the new leader -1 is unavailable. (state.change.logger)
[2024-12-17 19:43:30,241] ERROR [Broker id=0] Received LeaderAndIsrRequest with correlation id 1 from controller 1 epoch 9 for partition __consumer_offsets-25 (last update controller epoch 9) but cannot become follower since the new leader -1 is unavailable. (state.change.logger)
[2024-12-17 19:43:30,241] ERROR [Broker id=0] Received LeaderAndIsrRequest with correlation id 1 from controller 1 epoch 9 for partition __consumer_offsets-40 (last update controller epoch 9) but cannot become follower since the new leader -1 is unavailable. (state.change.logger)
[2024-12-17 19:43:30,241] ERROR [Broker id=0] Received LeaderAndIsrRequest with correlation id 1 from controller 1 epoch 9 for partition connect-status-0 (last update controller epoch 9) but cannot become follower since the new leader -1 is unavailable. (state.change.logger)
[2024-12-17 19:43:30,241] ERROR [Broker id=0] Received LeaderAndIsrRequest with correlation id 1 from controller 1 epoch 9 for partition connect-offsets-18 (last update controller epoch 9) but cannot become follower since the new leader -1 is unavailable. (state.change.logger)
[2024-12-17 19:43:30,241] ERROR [Broker id=0] Received LeaderAndIsrRequest with correlation id 1 from controller 1 epoch 9 for partition connect-offsets-3 (last update controller epoch 9) but cannot become follower since the new leader -1 is unavailable. (state.change.logger)
[2024-12-17 19:43:30,241] ERROR [Broker id=0] Received LeaderAndIsrRequest with correlation id 1 from controller 1 epoch 9 for partition __consumer_offsets-47 (last update controller epoch 9) but cannot become follower since the new leader -1 is unavailable. (state.change.logger)
[2024-12-17 19:43:30,241] ERROR [Broker id=0] Received LeaderAndIsrRequest with correlation id 1 from controller 1 epoch 9 for partition __consumer_offsets-17 (last update controller epoch 9) but cannot become follower since the new leader -1 is unavailable. (state.change.logger)
[2024-12-17 19:43:30,241] ERROR [Broker id=0] Received LeaderAndIsrRequest with correlation id 1 from controller 1 epoch 9 for partition __consumer_offsets-32 (last update controller epoch 9) but cannot become follower since the new leader -1 is unavailable. (state.change.logger)
[2024-12-17 19:43:30,241] ERROR [Broker id=0] Received LeaderAndIsrRequest with correlation id 1 from controller 1 epoch 9 for partition __consumer_offsets-37 (last update controller epoch 9) but cannot become follower since the new leader -1 is unavailable. (state.change.logger)
[2024-12-17 19:43:30,242] ERROR [Broker id=0] Received LeaderAndIsrRequest with correlation id 1 from controller 1 epoch 9 for partition connect-offsets-20 (last update controller epoch 9) but cannot become follower since the new leader -1 is unavailable. (state.change.logger)
[2024-12-17 19:43:30,242] ERROR [Broker id=0] Received LeaderAndIsrRequest with correlation id 1 from controller 1 epoch 9 for partition __consumer_offsets-7 (last update controller epoch 9) but cannot become follower since the new leader -1 is unavailable. (state.change.logger)
[2024-12-17 19:43:30,242] ERROR [Broker id=0] Received LeaderAndIsrRequest with correlation id 1 from controller 1 epoch 9 for partition connect-offsets-5 (last update controller epoch 9) but cannot become follower since the new leader -1 is unavailable. (state.change.logger)
[2024-12-17 19:43:30,242] ERROR [Broker id=0] Received LeaderAndIsrRequest with correlation id 1 from controller 1 epoch 9 for partition __consumer_offsets-22 (last update controller epoch 9) but cannot become follower since the new leader -1 is unavailable. (state.change.logger)
[2024-12-17 19:43:30,242] ERROR [Broker id=0] Received LeaderAndIsrRequest with correlation id 1 from controller 1 epoch 9 for partition __consumer_offsets-29 (last update controller epoch 9) but cannot become follower since the new leader -1 is unavailable. (state.change.logger)
[2024-12-17 19:43:30,242] ERROR [Broker id=0] Received LeaderAndIsrRequest with correlation id 1 from controller 1 epoch 9 for partition __consumer_offsets-44 (last update controller epoch 9) but cannot become follower since the new leader -1 is unavailable. (state.change.logger)
[2024-12-17 19:43:30,242] ERROR [Broker id=0] Received LeaderAndIsrRequest with correlation id 1 from controller 1 epoch 9 for partition connect-offsets-13 (last update controller epoch 9) but cannot become follower since the new leader -1 is unavailable. (state.change.logger)
[2024-12-17 19:43:30,242] ERROR [Broker id=0] Received LeaderAndIsrRequest with correlation id 1 from controller 1 epoch 9 for partition __consumer_offsets-14 (last update controller epoch 9) but cannot become follower since the new leader -1 is unavailable. (state.change.logger)
[2024-12-17 19:43:30,242] ERROR [Broker id=0] Received LeaderAndIsrRequest with correlation id 1 from controller 1 epoch 9 for partition connect-offsets-4 (last update controller epoch 9) but cannot become follower since the new leader -1 is unavailable. (state.change.logger)
[2024-12-17 19:43:30,242] ERROR [Broker id=0] Received LeaderAndIsrRequest with correlation id 1 from controller 1 epoch 9 for partition __consumer_offsets-23 (last update controller epoch 9) but cannot become follower since the new leader -1 is unavailable. (state.change.logger)
[2024-12-17 19:43:30,242] ERROR [Broker id=0] Received LeaderAndIsrRequest with correlation id 1 from controller 1 epoch 9 for partition __consumer_offsets-38 (last update controller epoch 9) but cannot become follower since the new leader -1 is unavailable. (state.change.logger)
[2024-12-17 19:43:30,242] ERROR [Broker id=0] Received LeaderAndIsrRequest with correlation id 1 from controller 1 epoch 9 for partition __consumer_offsets-8 (last update controller epoch 9) but cannot become follower since the new leader -1 is unavailable. (state.change.logger)
[2024-12-17 19:43:30,242] ERROR [Broker id=0] Received LeaderAndIsrRequest with correlation id 1 from controller 1 epoch 9 for partition fullfillment.test.customers-0 (last update controller epoch 9) but cannot become follower since the new leader -1 is unavailable. (state.change.logger)
[2024-12-17 19:43:30,242] ERROR [Broker id=0] Received LeaderAndIsrRequest with correlation id 1 from controller 1 epoch 9 for partition __consumer_offsets-45 (last update controller epoch 9) but cannot become follower since the new leader -1 is unavailable. (state.change.logger)
[2024-12-17 19:43:30,242] ERROR [Broker id=0] Received LeaderAndIsrRequest with correlation id 1 from controller 1 epoch 9 for partition connect-offsets-12 (last update controller epoch 9) but cannot become follower since the new leader -1 is unavailable. (state.change.logger)
[2024-12-17 19:43:30,242] ERROR [Broker id=0] Received LeaderAndIsrRequest with correlation id 1 from controller 1 epoch 9 for partition __consumer_offsets-15 (last update controller epoch 9) but cannot become follower since the new leader -1 is unavailable. (state.change.logger)
[2024-12-17 19:43:30,242] ERROR [Broker id=0] Received LeaderAndIsrRequest with correlation id 1 from controller 1 epoch 9 for partition __consumer_offsets-30 (last update controller epoch 9) but cannot become follower since the new leader -1 is unavailable. (state.change.logger)
[2024-12-17 19:43:30,242] ERROR [Broker id=0] Received LeaderAndIsrRequest with correlation id 1 from controller 1 epoch 9 for partition __consumer_offsets-0 (last update controller epoch 9) but cannot become follower since the new leader -1 is unavailable. (state.change.logger)
[2024-12-17 19:43:30,242] ERROR [Broker id=0] Received LeaderAndIsrRequest with correlation id 1 from controller 1 epoch 9 for partition __consumer_offsets-35 (last update controller epoch 9) but cannot become follower since the new leader -1 is unavailable. (state.change.logger)
[2024-12-17 19:43:30,242] ERROR [Broker id=0] Received LeaderAndIsrRequest with correlation id 1 from controller 1 epoch 9 for partition __consumer_offsets-5 (last update controller epoch 9) but cannot become follower since the new leader -1 is unavailable. (state.change.logger)
[2024-12-17 19:43:30,242] ERROR [Broker id=0] Received LeaderAndIsrRequest with correlation id 1 from controller 1 epoch 9 for partition __consumer_offsets-20 (last update controller epoch 9) but cannot become follower since the new leader -1 is unavailable. (state.change.logger)
[2024-12-17 19:43:30,242] ERROR [Broker id=0] Received LeaderAndIsrRequest with correlation id 1 from controller 1 epoch 9 for partition connect-offsets-22 (last update controller epoch 9) but cannot become follower since the new leader -1 is unavailable. (state.change.logger)
[2024-12-17 19:43:30,242] ERROR [Broker id=0] Received LeaderAndIsrRequest with correlation id 1 from controller 1 epoch 9 for partition connect-offsets-7 (last update controller epoch 9) but cannot become follower since the new leader -1 is unavailable. (state.change.logger)
[2024-12-17 19:43:30,242] ERROR [Broker id=0] Received LeaderAndIsrRequest with correlation id 1 from controller 1 epoch 9 for partition connect-offsets-0 (last update controller epoch 9) but cannot become follower since the new leader -1 is unavailable. (state.change.logger)
[2024-12-17 19:43:30,242] ERROR [Broker id=0] Received LeaderAndIsrRequest with correlation id 1 from controller 1 epoch 9 for partition __consumer_offsets-27 (last update controller epoch 9) but cannot become follower since the new leader -1 is unavailable. (state.change.logger)
[2024-12-17 19:43:30,242] ERROR [Broker id=0] Received LeaderAndIsrRequest with correlation id 1 from controller 1 epoch 9 for partition __consumer_offsets-42 (last update controller epoch 9) but cannot become follower since the new leader -1 is unavailable. (state.change.logger)
[2024-12-17 19:43:30,242] ERROR [Broker id=0] Received LeaderAndIsrRequest with correlation id 1 from controller 1 epoch 9 for partition connect-status-3 (last update controller epoch 9) but cannot become follower since the new leader -1 is unavailable. (state.change.logger)
[2024-12-17 19:43:30,242] ERROR [Broker id=0] Received LeaderAndIsrRequest with correlation id 1 from controller 1 epoch 9 for partition __consumer_offsets-12 (last update controller epoch 9) but cannot become follower since the new leader -1 is unavailable. (state.change.logger)
[2024-12-17 19:43:30,242] ERROR [Broker id=0] Received LeaderAndIsrRequest with correlation id 1 from controller 1 epoch 9 for partition connect-offsets-15 (last update controller epoch 9) but cannot become follower since the new leader -1 is unavailable. (state.change.logger)
[2024-12-17 19:43:30,242] ERROR [Broker id=0] Received LeaderAndIsrRequest with correlation id 1 from controller 1 epoch 9 for partition __consumer_offsets-21 (last update controller epoch 9) but cannot become follower since the new leader -1 is unavailable. (state.change.logger)
[2024-12-17 19:43:30,242] ERROR [Broker id=0] Received LeaderAndIsrRequest with correlation id 1 from controller 1 epoch 9 for partition __consumer_offsets-36 (last update controller epoch 9) but cannot become follower since the new leader -1 is unavailable. (state.change.logger)
[2024-12-17 19:43:30,242] ERROR [Broker id=0] Received LeaderAndIsrRequest with correlation id 1 from controller 1 epoch 9 for partition connect-offsets-21 (last update controller epoch 9) but cannot become follower since the new leader -1 is unavailable. (state.change.logger)
[2024-12-17 19:43:30,242] ERROR [Broker id=0] Received LeaderAndIsrRequest with correlation id 1 from controller 1 epoch 9 for partition __consumer_offsets-6 (last update controller epoch 9) but cannot become follower since the new leader -1 is unavailable. (state.change.logger)
[2024-12-17 19:43:30,242] ERROR [Broker id=0] Received LeaderAndIsrRequest with correlation id 1 from controller 1 epoch 9 for partition connect-status-4 (last update controller epoch 9) but cannot become follower since the new leader -1 is unavailable. (state.change.logger)
[2024-12-17 19:43:30,242] ERROR [Broker id=0] Received LeaderAndIsrRequest with correlation id 1 from controller 1 epoch 9 for partition connect-offsets-6 (last update controller epoch 9) but cannot become follower since the new leader -1 is unavailable. (state.change.logger)
[2024-12-17 19:43:30,242] ERROR [Broker id=0] Received LeaderAndIsrRequest with correlation id 1 from controller 1 epoch 9 for partition __consumer_offsets-43 (last update controller epoch 9) but cannot become follower since the new leader -1 is unavailable. (state.change.logger)
[2024-12-17 19:43:30,242] ERROR [Broker id=0] Received LeaderAndIsrRequest with correlation id 1 from controller 1 epoch 9 for partition __consumer_offsets-13 (last update controller epoch 9) but cannot become follower since the new leader -1 is unavailable. (state.change.logger)
[2024-12-17 19:43:30,242] ERROR [Broker id=0] Received LeaderAndIsrRequest with correlation id 1 from controller 1 epoch 9 for partition __consumer_offsets-28 (last update controller epoch 9) but cannot become follower since the new leader -1 is unavailable. (state.change.logger)
[2024-12-17 19:43:30,242] ERROR [Broker id=0] Received LeaderAndIsrRequest with correlation id 1 from controller 1 epoch 9 for partition connect-offsets-14 (last update controller epoch 9) but cannot become follower since the new leader -1 is unavailable. (state.change.logger)
[2024-12-17 19:43:30,242] INFO [Broker id=0] Stopped fetchers as part of become-follower request from controller 1 epoch 9 with correlation id 1 for 0 partitions (state.change.logger)
[2024-12-17 19:43:30,244] INFO [Broker id=0] Finished LeaderAndIsr request in 4ms correlationId 1 from controller 1 for 82 partitions (state.change.logger)
[2024-12-17 19:43:30,256] INFO [Broker id=0] Add 82 partitions and deleted 0 partitions from metadata cache in response to UpdateMetadata request sent by controller 1 epoch 9 with correlation id 2 (state.change.logger)
[2024-12-17 19:43:30,364] INFO [Broker id=0] Handling LeaderAndIsr request correlationId 3 from controller 1 for 82 partitions (state.change.logger)
[2024-12-17 19:43:30,367] INFO [Broker id=0] Stopped fetchers as part of LeaderAndIsr request correlationId 3 from controller 1 epoch 9 as part of the become-leader transition for 82 partitions (state.change.logger)
[2024-12-17 19:43:30,368] INFO [Broker id=0] Leader connect-offsets-24 with topic id Some(gDRXCeliTtmdw8i4-VkaJQ) starts at leader epoch 10 from offset 0 with partition epoch 10, high watermark 0, ISR [0], adding replicas [] and removing replicas [] . Previous leader Some(0) and previous leader epoch was 8. (state.change.logger)
[2024-12-17 19:43:30,375] INFO [Broker id=0] Leader __consumer_offsets-3 with topic id Some(NYgd7GVfR12u8i73skO-Fw) starts at leader epoch 10 from offset 0 with partition epoch 10, high watermark 0, ISR [0], adding replicas [] and removing replicas [] . Previous leader Some(0) and previous leader epoch was 8. (state.change.logger)
[2024-12-17 19:43:30,378] INFO [Broker id=0] Leader connect-offsets-9 with topic id Some(gDRXCeliTtmdw8i4-VkaJQ) starts at leader epoch 10 from offset 27 with partition epoch 10, high watermark 27, ISR [0], adding replicas [] and removing replicas [] . Previous leader Some(0) and previous leader epoch was 8. (state.change.logger)
[2024-12-17 19:43:30,381] INFO [Broker id=0] Leader __consumer_offsets-18 with topic id Some(NYgd7GVfR12u8i73skO-Fw) starts at leader epoch 10 from offset 3 with partition epoch 10, high watermark 3, ISR [0], adding replicas [] and removing replicas [] . Previous leader Some(0) and previous leader epoch was 8. (state.change.logger)
[2024-12-17 19:43:30,384] INFO [Broker id=0] Leader __consumer_offsets-41 with topic id Some(NYgd7GVfR12u8i73skO-Fw) starts at leader epoch 10 from offset 0 with partition epoch 10, high watermark 0, ISR [0], adding replicas [] and removing replicas [] . Previous leader Some(0) and previous leader epoch was 8. (state.change.logger)
[2024-12-17 19:43:30,386] INFO [Broker id=0] Leader connect-status-1 with topic id Some(BvVnx0t_SlGXkZscTz3wEQ) starts at leader epoch 10 from offset 21 with partition epoch 10, high watermark 21, ISR [0], adding replicas [] and removing replicas [] . Previous leader Some(0) and previous leader epoch was 8. (state.change.logger)
[2024-12-17 19:43:30,389] INFO [Broker id=0] Leader connect-offsets-17 with topic id Some(gDRXCeliTtmdw8i4-VkaJQ) starts at leader epoch 10 from offset 0 with partition epoch 10, high watermark 0, ISR [0], adding replicas [] and removing replicas [] . Previous leader Some(0) and previous leader epoch was 8. (state.change.logger)
[2024-12-17 19:43:30,391] INFO [Broker id=0] Leader __consumer_offsets-10 with topic id Some(NYgd7GVfR12u8i73skO-Fw) starts at leader epoch 10 from offset 3 with partition epoch 10, high watermark 3, ISR [0], adding replicas [] and removing replicas [] . Previous leader Some(0) and previous leader epoch was 8. (state.change.logger)
[2024-12-17 19:43:30,393] INFO [Broker id=0] Leader connect-offsets-2 with topic id Some(gDRXCeliTtmdw8i4-VkaJQ) starts at leader epoch 10 from offset 0 with partition epoch 10, high watermark 0, ISR [0], adding replicas [] and removing replicas [] . Previous leader Some(0) and previous leader epoch was 8. (state.change.logger)
[2024-12-17 19:43:30,395] INFO [Broker id=0] Leader __consumer_offsets-33 with topic id Some(NYgd7GVfR12u8i73skO-Fw) starts at leader epoch 10 from offset 201 with partition epoch 10, high watermark 201, ISR [0], adding replicas [] and removing replicas [] . Previous leader Some(0) and previous leader epoch was 8. (state.change.logger)
[2024-12-17 19:43:30,398] INFO [Broker id=0] Leader __consumer_offsets-48 with topic id Some(NYgd7GVfR12u8i73skO-Fw) starts at leader epoch 10 from offset 0 with partition epoch 10, high watermark 0, ISR [0], adding replicas [] and removing replicas [] . Previous leader Some(0) and previous leader epoch was 8. (state.change.logger)
[2024-12-17 19:43:30,400] INFO [Broker id=0] Leader connect-offsets-8 with topic id Some(gDRXCeliTtmdw8i4-VkaJQ) starts at leader epoch 10 from offset 0 with partition epoch 10, high watermark 0, ISR [0], adding replicas [] and removing replicas [] . Previous leader Some(0) and previous leader epoch was 8. (state.change.logger)
[2024-12-17 19:43:30,402] INFO [Broker id=0] Leader __consumer_offsets-19 with topic id Some(NYgd7GVfR12u8i73skO-Fw) starts at leader epoch 10 from offset 3 with partition epoch 10, high watermark 3, ISR [0], adding replicas [] and removing replicas [] . Previous leader Some(0) and previous leader epoch was 8. (state.change.logger)
[2024-12-17 19:43:30,405] INFO [Broker id=0] Leader __consumer_offsets-34 with topic id Some(NYgd7GVfR12u8i73skO-Fw) starts at leader epoch 10 from offset 3 with partition epoch 10, high watermark 3, ISR [0], adding replicas [] and removing replicas [] . Previous leader Some(0) and previous leader epoch was 8. (state.change.logger)
[2024-12-17 19:43:30,407] INFO [Broker id=0] Leader __consumer_offsets-4 with topic id Some(NYgd7GVfR12u8i73skO-Fw) starts at leader epoch 10 from offset 3 with partition epoch 10, high watermark 3, ISR [0], adding replicas [] and removing replicas [] . Previous leader Some(0) and previous leader epoch was 8. (state.change.logger)
[2024-12-17 19:43:30,409] INFO [Broker id=0] Leader connect-offsets-23 with topic id Some(gDRXCeliTtmdw8i4-VkaJQ) starts at leader epoch 10 from offset 0 with partition epoch 10, high watermark 0, ISR [0], adding replicas [] and removing replicas [] . Previous leader Some(0) and previous leader epoch was 8. (state.change.logger)
[2024-12-17 19:43:30,412] INFO [Broker id=0] Leader connect-offsets-16 with topic id Some(gDRXCeliTtmdw8i4-VkaJQ) starts at leader epoch 10 from offset 0 with partition epoch 10, high watermark 0, ISR [0], adding replicas [] and removing replicas [] . Previous leader Some(0) and previous leader epoch was 8. (state.change.logger)
[2024-12-17 19:43:30,415] INFO [Broker id=0] Leader __consumer_offsets-11 with topic id Some(NYgd7GVfR12u8i73skO-Fw) starts at leader epoch 10 from offset 1340 with partition epoch 10, high watermark 1340, ISR [0], adding replicas [] and removing replicas [] . Previous leader Some(0) and previous leader epoch was 8. (state.change.logger)
[2024-12-17 19:43:30,418] INFO [Broker id=0] Leader connect-offsets-1 with topic id Some(gDRXCeliTtmdw8i4-VkaJQ) starts at leader epoch 10 from offset 0 with partition epoch 10, high watermark 0, ISR [0], adding replicas [] and removing replicas [] . Previous leader Some(0) and previous leader epoch was 8. (state.change.logger)
[2024-12-17 19:43:30,421] INFO [Broker id=0] Leader __consumer_offsets-26 with topic id Some(NYgd7GVfR12u8i73skO-Fw) starts at leader epoch 10 from offset 0 with partition epoch 10, high watermark 0, ISR [0], adding replicas [] and removing replicas [] . Previous leader Some(0) and previous leader epoch was 8. (state.change.logger)
[2024-12-17 19:43:30,424] INFO [Broker id=0] Leader connect-status-2 with topic id Some(BvVnx0t_SlGXkZscTz3wEQ) starts at leader epoch 10 from offset 105 with partition epoch 10, high watermark 105, ISR [0], adding replicas [] and removing replicas [] . Previous leader Some(0) and previous leader epoch was 8. (state.change.logger)
[2024-12-17 19:43:30,426] INFO [Broker id=0] Leader __consumer_offsets-49 with topic id Some(NYgd7GVfR12u8i73skO-Fw) starts at leader epoch 10 from offset 0 with partition epoch 10, high watermark 0, ISR [0], adding replicas [] and removing replicas [] . Previous leader Some(0) and previous leader epoch was 8. (state.change.logger)
[2024-12-17 19:43:30,430] INFO [Broker id=0] Leader connect-configs-0 with topic id Some(3XDaczegSRq7zzHrOh5kYQ) starts at leader epoch 10 from offset 1073 with partition epoch 10, high watermark 1073, ISR [0], adding replicas [] and removing replicas [] . Previous leader Some(0) and previous leader epoch was 8. (state.change.logger)
[2024-12-17 19:43:30,432] INFO [Broker id=0] Leader connect-offsets-11 with topic id Some(gDRXCeliTtmdw8i4-VkaJQ) starts at leader epoch 10 from offset 0 with partition epoch 10, high watermark 0, ISR [0], adding replicas [] and removing replicas [] . Previous leader Some(0) and previous leader epoch was 8. (state.change.logger)
[2024-12-17 19:43:30,434] INFO [Broker id=0] Leader __consumer_offsets-39 with topic id Some(NYgd7GVfR12u8i73skO-Fw) starts at leader epoch 10 from offset 6 with partition epoch 10, high watermark 6, ISR [0], adding replicas [] and removing replicas [] . Previous leader Some(0) and previous leader epoch was 8. (state.change.logger)
[2024-12-17 19:43:30,438] INFO [Broker id=0] Leader __consumer_offsets-9 with topic id Some(NYgd7GVfR12u8i73skO-Fw) starts at leader epoch 10 from offset 6 with partition epoch 10, high watermark 6, ISR [0], adding replicas [] and removing replicas [] . Previous leader Some(0) and previous leader epoch was 8. (state.change.logger)
[2024-12-17 19:43:30,440] INFO [Broker id=0] Leader __consumer_offsets-24 with topic id Some(NYgd7GVfR12u8i73skO-Fw) starts at leader epoch 10 from offset 3 with partition epoch 10, high watermark 3, ISR [0], adding replicas [] and removing replicas [] . Previous leader Some(0) and previous leader epoch was 8. (state.change.logger)
[2024-12-17 19:43:30,443] INFO [Broker id=0] Leader connect-offsets-19 with topic id Some(gDRXCeliTtmdw8i4-VkaJQ) starts at leader epoch 10 from offset 0 with partition epoch 10, high watermark 0, ISR [0], adding replicas [] and removing replicas [] . Previous leader Some(0) and previous leader epoch was 8. (state.change.logger)
[2024-12-17 19:43:30,445] INFO [Broker id=0] Leader __consumer_offsets-31 with topic id Some(NYgd7GVfR12u8i73skO-Fw) starts at leader epoch 10 from offset 0 with partition epoch 10, high watermark 0, ISR [0], adding replicas [] and removing replicas [] . Previous leader Some(0) and previous leader epoch was 8. (state.change.logger)
[2024-12-17 19:43:30,447] INFO [Broker id=0] Leader __consumer_offsets-46 with topic id Some(NYgd7GVfR12u8i73skO-Fw) starts at leader epoch 10 from offset 0 with partition epoch 10, high watermark 0, ISR [0], adding replicas [] and removing replicas [] . Previous leader Some(0) and previous leader epoch was 8. (state.change.logger)
[2024-12-17 19:43:30,449] INFO [Broker id=0] Leader __consumer_offsets-1 with topic id Some(NYgd7GVfR12u8i73skO-Fw) starts at leader epoch 10 from offset 0 with partition epoch 10, high watermark 0, ISR [0], adding replicas [] and removing replicas [] . Previous leader Some(0) and previous leader epoch was 8. (state.change.logger)
[2024-12-17 19:43:30,451] INFO [Broker id=0] Leader __consumer_offsets-16 with topic id Some(NYgd7GVfR12u8i73skO-Fw) starts at leader epoch 10 from offset 3 with partition epoch 10, high watermark 3, ISR [0], adding replicas [] and removing replicas [] . Previous leader Some(0) and previous leader epoch was 8. (state.change.logger)
[2024-12-17 19:43:30,453] INFO [Broker id=0] Leader __consumer_offsets-2 with topic id Some(NYgd7GVfR12u8i73skO-Fw) starts at leader epoch 10 from offset 3 with partition epoch 10, high watermark 3, ISR [0], adding replicas [] and removing replicas [] . Previous leader Some(0) and previous leader epoch was 8. (state.change.logger)
[2024-12-17 19:43:30,455] INFO [Broker id=0] Leader connect-offsets-10 with topic id Some(gDRXCeliTtmdw8i4-VkaJQ) starts at leader epoch 10 from offset 0 with partition epoch 10, high watermark 0, ISR [0], adding replicas [] and removing replicas [] . Previous leader Some(0) and previous leader epoch was 8. (state.change.logger)
[2024-12-17 19:43:30,457] INFO [Broker id=0] Leader __consumer_offsets-25 with topic id Some(NYgd7GVfR12u8i73skO-Fw) starts at leader epoch 10 from offset 0 with partition epoch 10, high watermark 0, ISR [0], adding replicas [] and removing replicas [] . Previous leader Some(0) and previous leader epoch was 8. (state.change.logger)
[2024-12-17 19:43:30,459] INFO [Broker id=0] Leader __consumer_offsets-40 with topic id Some(NYgd7GVfR12u8i73skO-Fw) starts at leader epoch 10 from offset 0 with partition epoch 10, high watermark 0, ISR [0], adding replicas [] and removing replicas [] . Previous leader Some(0) and previous leader epoch was 8. (state.change.logger)
[2024-12-17 19:43:30,461] INFO [Broker id=0] Leader connect-status-0 with topic id Some(BvVnx0t_SlGXkZscTz3wEQ) starts at leader epoch 10 from offset 738 with partition epoch 10, high watermark 738, ISR [0], adding replicas [] and removing replicas [] . Previous leader Some(0) and previous leader epoch was 8. (state.change.logger)
[2024-12-17 19:43:30,463] INFO [Broker id=0] Leader connect-offsets-18 with topic id Some(gDRXCeliTtmdw8i4-VkaJQ) starts at leader epoch 10 from offset 0 with partition epoch 10, high watermark 0, ISR [0], adding replicas [] and removing replicas [] . Previous leader Some(0) and previous leader epoch was 8. (state.change.logger)
[2024-12-17 19:43:30,465] INFO [Broker id=0] Leader connect-offsets-3 with topic id Some(gDRXCeliTtmdw8i4-VkaJQ) starts at leader epoch 10 from offset 0 with partition epoch 10, high watermark 0, ISR [0], adding replicas [] and removing replicas [] . Previous leader Some(0) and previous leader epoch was 8. (state.change.logger)
[2024-12-17 19:43:30,467] INFO [Broker id=0] Leader __consumer_offsets-47 with topic id Some(NYgd7GVfR12u8i73skO-Fw) starts at leader epoch 10 from offset 0 with partition epoch 10, high watermark 0, ISR [0], adding replicas [] and removing replicas [] . Previous leader Some(0) and previous leader epoch was 8. (state.change.logger)
[2024-12-17 19:43:30,469] INFO [Broker id=0] Leader __consumer_offsets-17 with topic id Some(NYgd7GVfR12u8i73skO-Fw) starts at leader epoch 10 from offset 0 with partition epoch 10, high watermark 0, ISR [0], adding replicas [] and removing replicas [] . Previous leader Some(0) and previous leader epoch was 8. (state.change.logger)
[2024-12-17 19:43:30,471] INFO [Broker id=0] Leader __consumer_offsets-32 with topic id Some(NYgd7GVfR12u8i73skO-Fw) starts at leader epoch 10 from offset 0 with partition epoch 10, high watermark 0, ISR [0], adding replicas [] and removing replicas [] . Previous leader Some(0) and previous leader epoch was 8. (state.change.logger)
[2024-12-17 19:43:30,473] INFO [Broker id=0] Leader __consumer_offsets-37 with topic id Some(NYgd7GVfR12u8i73skO-Fw) starts at leader epoch 10 from offset 0 with partition epoch 10, high watermark 0, ISR [0], adding replicas [] and removing replicas [] . Previous leader Some(0) and previous leader epoch was 8. (state.change.logger)
[2024-12-17 19:43:30,476] INFO [Broker id=0] Leader connect-offsets-20 with topic id Some(gDRXCeliTtmdw8i4-VkaJQ) starts at leader epoch 10 from offset 0 with partition epoch 10, high watermark 0, ISR [0], adding replicas [] and removing replicas [] . Previous leader Some(0) and previous leader epoch was 8. (state.change.logger)
[2024-12-17 19:43:30,478] INFO [Broker id=0] Leader __consumer_offsets-7 with topic id Some(NYgd7GVfR12u8i73skO-Fw) starts at leader epoch 10 from offset 3 with partition epoch 10, high watermark 3, ISR [0], adding replicas [] and removing replicas [] . Previous leader Some(0) and previous leader epoch was 8. (state.change.logger)
[2024-12-17 19:43:30,481] INFO [Broker id=0] Leader connect-offsets-5 with topic id Some(gDRXCeliTtmdw8i4-VkaJQ) starts at leader epoch 10 from offset 0 with partition epoch 10, high watermark 0, ISR [0], adding replicas [] and removing replicas [] . Previous leader Some(0) and previous leader epoch was 8. (state.change.logger)
[2024-12-17 19:43:30,482] INFO [Broker id=0] Leader __consumer_offsets-22 with topic id Some(NYgd7GVfR12u8i73skO-Fw) starts at leader epoch 10 from offset 0 with partition epoch 10, high watermark 0, ISR [0], adding replicas [] and removing replicas [] . Previous leader Some(0) and previous leader epoch was 8. (state.change.logger)
[2024-12-17 19:43:30,484] INFO [Broker id=0] Leader __consumer_offsets-29 with topic id Some(NYgd7GVfR12u8i73skO-Fw) starts at leader epoch 10 from offset 0 with partition epoch 10, high watermark 0, ISR [0], adding replicas [] and removing replicas [] . Previous leader Some(0) and previous leader epoch was 8. (state.change.logger)
[2024-12-17 19:43:30,486] INFO [Broker id=0] Leader __consumer_offsets-44 with topic id Some(NYgd7GVfR12u8i73skO-Fw) starts at leader epoch 10 from offset 0 with partition epoch 10, high watermark 0, ISR [0], adding replicas [] and removing replicas [] . Previous leader Some(0) and previous leader epoch was 8. (state.change.logger)
[2024-12-17 19:43:30,488] INFO [Broker id=0] Leader connect-offsets-13 with topic id Some(gDRXCeliTtmdw8i4-VkaJQ) starts at leader epoch 10 from offset 0 with partition epoch 10, high watermark 0, ISR [0], adding replicas [] and removing replicas [] . Previous leader Some(0) and previous leader epoch was 8. (state.change.logger)
[2024-12-17 19:43:30,490] INFO [Broker id=0] Leader __consumer_offsets-14 with topic id Some(NYgd7GVfR12u8i73skO-Fw) starts at leader epoch 10 from offset 0 with partition epoch 10, high watermark 0, ISR [0], adding replicas [] and removing replicas [] . Previous leader Some(0) and previous leader epoch was 8. (state.change.logger)
[2024-12-17 19:43:30,493] INFO [Broker id=0] Leader connect-offsets-4 with topic id Some(gDRXCeliTtmdw8i4-VkaJQ) starts at leader epoch 10 from offset 0 with partition epoch 10, high watermark 0, ISR [0], adding replicas [] and removing replicas [] . Previous leader Some(0) and previous leader epoch was 8. (state.change.logger)
[2024-12-17 19:43:30,495] INFO [Broker id=0] Leader __consumer_offsets-23 with topic id Some(NYgd7GVfR12u8i73skO-Fw) starts at leader epoch 10 from offset 0 with partition epoch 10, high watermark 0, ISR [0], adding replicas [] and removing replicas [] . Previous leader Some(0) and previous leader epoch was 8. (state.change.logger)
[2024-12-17 19:43:30,497] INFO [Broker id=0] Leader __consumer_offsets-38 with topic id Some(NYgd7GVfR12u8i73skO-Fw) starts at leader epoch 10 from offset 0 with partition epoch 10, high watermark 0, ISR [0], adding replicas [] and removing replicas [] . Previous leader Some(0) and previous leader epoch was 8. (state.change.logger)
[2024-12-17 19:43:30,499] INFO [Broker id=0] Leader __consumer_offsets-8 with topic id Some(NYgd7GVfR12u8i73skO-Fw) starts at leader epoch 10 from offset 0 with partition epoch 10, high watermark 0, ISR [0], adding replicas [] and removing replicas [] . Previous leader Some(0) and previous leader epoch was 8. (state.change.logger)
[2024-12-17 19:43:30,501] INFO [Broker id=0] Leader fullfillment.test.customers-0 with topic id Some(37yAew0KQi-m0HZUktY6lg) starts at leader epoch 8 from offset 202034 with partition epoch 8, high watermark 202034, ISR [0], adding replicas [] and removing replicas [] . Previous leader Some(0) and previous leader epoch was 6. (state.change.logger)
[2024-12-17 19:43:30,503] INFO [Broker id=0] Leader __consumer_offsets-45 with topic id Some(NYgd7GVfR12u8i73skO-Fw) starts at leader epoch 10 from offset 3 with partition epoch 10, high watermark 3, ISR [0], adding replicas [] and removing replicas [] . Previous leader Some(0) and previous leader epoch was 8. (state.change.logger)
[2024-12-17 19:43:30,505] INFO [Broker id=0] Leader connect-offsets-12 with topic id Some(gDRXCeliTtmdw8i4-VkaJQ) starts at leader epoch 10 from offset 0 with partition epoch 10, high watermark 0, ISR [0], adding replicas [] and removing replicas [] . Previous leader Some(0) and previous leader epoch was 8. (state.change.logger)
[2024-12-17 19:43:30,507] INFO [Broker id=0] Leader __consumer_offsets-15 with topic id Some(NYgd7GVfR12u8i73skO-Fw) starts at leader epoch 10 from offset 0 with partition epoch 10, high watermark 0, ISR [0], adding replicas [] and removing replicas [] . Previous leader Some(0) and previous leader epoch was 8. (state.change.logger)
[2024-12-17 19:43:30,510] INFO [Broker id=0] Leader __consumer_offsets-30 with topic id Some(NYgd7GVfR12u8i73skO-Fw) starts at leader epoch 10 from offset 0 with partition epoch 10, high watermark 0, ISR [0], adding replicas [] and removing replicas [] . Previous leader Some(0) and previous leader epoch was 8. (state.change.logger)
[2024-12-17 19:43:30,512] INFO [Broker id=0] Leader __consumer_offsets-0 with topic id Some(NYgd7GVfR12u8i73skO-Fw) starts at leader epoch 10 from offset 0 with partition epoch 10, high watermark 0, ISR [0], adding replicas [] and removing replicas [] . Previous leader Some(0) and previous leader epoch was 8. (state.change.logger)
[2024-12-17 19:43:30,516] INFO [Broker id=0] Leader __consumer_offsets-35 with topic id Some(NYgd7GVfR12u8i73skO-Fw) starts at leader epoch 10 from offset 0 with partition epoch 10, high watermark 0, ISR [0], adding replicas [] and removing replicas [] . Previous leader Some(0) and previous leader epoch was 8. (state.change.logger)
[2024-12-17 19:43:30,529] INFO [Broker id=0] Leader __consumer_offsets-5 with topic id Some(NYgd7GVfR12u8i73skO-Fw) starts at leader epoch 10 from offset 0 with partition epoch 10, high watermark 0, ISR [0], adding replicas [] and removing replicas [] . Previous leader Some(0) and previous leader epoch was 8. (state.change.logger)
[2024-12-17 19:43:30,536] INFO [Broker id=0] Leader __consumer_offsets-20 with topic id Some(NYgd7GVfR12u8i73skO-Fw) starts at leader epoch 10 from offset 0 with partition epoch 10, high watermark 0, ISR [0], adding replicas [] and removing replicas [] . Previous leader Some(0) and previous leader epoch was 8. (state.change.logger)
[2024-12-17 19:43:30,542] INFO [Broker id=0] Leader connect-offsets-22 with topic id Some(gDRXCeliTtmdw8i4-VkaJQ) starts at leader epoch 10 from offset 0 with partition epoch 10, high watermark 0, ISR [0], adding replicas [] and removing replicas [] . Previous leader Some(0) and previous leader epoch was 8. (state.change.logger)
[2024-12-17 19:43:30,545] INFO [Broker id=0] Leader connect-offsets-7 with topic id Some(gDRXCeliTtmdw8i4-VkaJQ) starts at leader epoch 10 from offset 0 with partition epoch 10, high watermark 0, ISR [0], adding replicas [] and removing replicas [] . Previous leader Some(0) and previous leader epoch was 8. (state.change.logger)
[2024-12-17 19:43:30,555] INFO [Broker id=0] Leader connect-offsets-0 with topic id Some(gDRXCeliTtmdw8i4-VkaJQ) starts at leader epoch 10 from offset 0 with partition epoch 10, high watermark 0, ISR [0], adding replicas [] and removing replicas [] . Previous leader Some(0) and previous leader epoch was 8. (state.change.logger)
[2024-12-17 19:43:30,559] INFO [Broker id=0] Leader __consumer_offsets-27 with topic id Some(NYgd7GVfR12u8i73skO-Fw) starts at leader epoch 10 from offset 0 with partition epoch 10, high watermark 0, ISR [0], adding replicas [] and removing replicas [] . Previous leader Some(0) and previous leader epoch was 8. (state.change.logger)
[2024-12-17 19:43:30,566] INFO [Broker id=0] Leader __consumer_offsets-42 with topic id Some(NYgd7GVfR12u8i73skO-Fw) starts at leader epoch 10 from offset 0 with partition epoch 10, high watermark 0, ISR [0], adding replicas [] and removing replicas [] . Previous leader Some(0) and previous leader epoch was 8. (state.change.logger)
[2024-12-17 19:43:30,569] INFO [Broker id=0] Leader connect-status-3 with topic id Some(BvVnx0t_SlGXkZscTz3wEQ) starts at leader epoch 10 from offset 116 with partition epoch 10, high watermark 116, ISR [0], adding replicas [] and removing replicas [] . Previous leader Some(0) and previous leader epoch was 8. (state.change.logger)
[2024-12-17 19:43:30,574] INFO [Broker id=0] Leader __consumer_offsets-12 with topic id Some(NYgd7GVfR12u8i73skO-Fw) starts at leader epoch 10 from offset 0 with partition epoch 10, high watermark 0, ISR [0], adding replicas [] and removing replicas [] . Previous leader Some(0) and previous leader epoch was 8. (state.change.logger)
[2024-12-17 19:43:30,577] INFO [Broker id=0] Leader connect-offsets-15 with topic id Some(gDRXCeliTtmdw8i4-VkaJQ) starts at leader epoch 10 from offset 0 with partition epoch 10, high watermark 0, ISR [0], adding replicas [] and removing replicas [] . Previous leader Some(0) and previous leader epoch was 8. (state.change.logger)
[2024-12-17 19:43:30,579] INFO [Broker id=0] Leader __consumer_offsets-21 with topic id Some(NYgd7GVfR12u8i73skO-Fw) starts at leader epoch 10 from offset 0 with partition epoch 10, high watermark 0, ISR [0], adding replicas [] and removing replicas [] . Previous leader Some(0) and previous leader epoch was 8. (state.change.logger)
[2024-12-17 19:43:30,581] INFO [Broker id=0] Leader __consumer_offsets-36 with topic id Some(NYgd7GVfR12u8i73skO-Fw) starts at leader epoch 10 from offset 0 with partition epoch 10, high watermark 0, ISR [0], adding replicas [] and removing replicas [] . Previous leader Some(0) and previous leader epoch was 8. (state.change.logger)
[2024-12-17 19:43:30,584] INFO [Broker id=0] Leader connect-offsets-21 with topic id Some(gDRXCeliTtmdw8i4-VkaJQ) starts at leader epoch 10 from offset 0 with partition epoch 10, high watermark 0, ISR [0], adding replicas [] and removing replicas [] . Previous leader Some(0) and previous leader epoch was 8. (state.change.logger)
[2024-12-17 19:43:30,586] INFO [Broker id=0] Leader __consumer_offsets-6 with topic id Some(NYgd7GVfR12u8i73skO-Fw) starts at leader epoch 10 from offset 0 with partition epoch 10, high watermark 0, ISR [0], adding replicas [] and removing replicas [] . Previous leader Some(0) and previous leader epoch was 8. (state.change.logger)
[2024-12-17 19:43:30,589] INFO [Broker id=0] Leader connect-status-4 with topic id Some(BvVnx0t_SlGXkZscTz3wEQ) starts at leader epoch 10 from offset 930 with partition epoch 10, high watermark 930, ISR [0], adding replicas [] and removing replicas [] . Previous leader Some(0) and previous leader epoch was 8. (state.change.logger)
[2024-12-17 19:43:30,592] INFO [Broker id=0] Leader connect-offsets-6 with topic id Some(gDRXCeliTtmdw8i4-VkaJQ) starts at leader epoch 10 from offset 0 with partition epoch 10, high watermark 0, ISR [0], adding replicas [] and removing replicas [] . Previous leader Some(0) and previous leader epoch was 8. (state.change.logger)
[2024-12-17 19:43:30,595] INFO [Broker id=0] Leader __consumer_offsets-43 with topic id Some(NYgd7GVfR12u8i73skO-Fw) starts at leader epoch 10 from offset 0 with partition epoch 10, high watermark 0, ISR [0], adding replicas [] and removing replicas [] . Previous leader Some(0) and previous leader epoch was 8. (state.change.logger)
[2024-12-17 19:43:30,599] INFO [Broker id=0] Leader __consumer_offsets-13 with topic id Some(NYgd7GVfR12u8i73skO-Fw) starts at leader epoch 10 from offset 0 with partition epoch 10, high watermark 0, ISR [0], adding replicas [] and removing replicas [] . Previous leader Some(0) and previous leader epoch was 8. (state.change.logger)
[2024-12-17 19:43:30,602] INFO [Broker id=0] Leader __consumer_offsets-28 with topic id Some(NYgd7GVfR12u8i73skO-Fw) starts at leader epoch 10 from offset 0 with partition epoch 10, high watermark 0, ISR [0], adding replicas [] and removing replicas [] . Previous leader Some(0) and previous leader epoch was 8. (state.change.logger)
[2024-12-17 19:43:30,604] INFO [Broker id=0] Leader connect-offsets-14 with topic id Some(gDRXCeliTtmdw8i4-VkaJQ) starts at leader epoch 10 from offset 0 with partition epoch 10, high watermark 0, ISR [0], adding replicas [] and removing replicas [] . Previous leader Some(0) and previous leader epoch was 8. (state.change.logger)
[2024-12-17 19:43:30,608] INFO [Broker id=0] Finished LeaderAndIsr request in 243ms correlationId 3 from controller 1 for 82 partitions (state.change.logger)
[2024-12-17 19:43:30,613] INFO [Broker id=0] Add 82 partitions and deleted 0 partitions from metadata cache in response to UpdateMetadata request sent by controller 1 epoch 9 with correlation id 4 (state.change.logger)
